<?xml version="1.0" encoding="UTF-8"?>
<testsuite xmlns:xsi="http://www.w3.org/2001/XMLSchema-instance" xsi:noNamespaceSchemaLocation="https://maven.apache.org/surefire/maven-surefire-plugin/xsd/surefire-test-report.xsd" name="com.stockercloud.aws.item.updateitems.UpdateItemsHandlerTest" time="0.011" tests="1" errors="0" skipped="0" failures="0">
  <properties>
    <property name="sun.desktop" value="windows"/>
    <property name="awt.toolkit" value="sun.awt.windows.WToolkit"/>
    <property name="file.encoding.pkg" value="sun.io"/>
    <property name="java.specification.version" value="1.8"/>
    <property name="sun.cpu.isalist" value="amd64"/>
    <property name="sun.jnu.encoding" value="Cp1252"/>
    <property name="java.class.path" value="C:\Users\ryanl\OneDrive\Documents\GitHub\stocker-cloud\aws-service\StockerCloud\target\test-classes;C:\Users\ryanl\OneDrive\Documents\GitHub\stocker-cloud\aws-service\StockerCloud\target\classes;C:\Users\ryanl\.m2\repository\junit\junit\4.12\junit-4.12.jar;C:\Users\ryanl\.m2\repository\org\hamcrest\hamcrest-core\1.3\hamcrest-core-1.3.jar;C:\Users\ryanl\.m2\repository\org\mockito\mockito-core\2.7.22\mockito-core-2.7.22.jar;C:\Users\ryanl\.m2\repository\net\bytebuddy\byte-buddy\1.6.11\byte-buddy-1.6.11.jar;C:\Users\ryanl\.m2\repository\net\bytebuddy\byte-buddy-agent\1.6.11\byte-buddy-agent-1.6.11.jar;C:\Users\ryanl\.m2\repository\org\objenesis\objenesis\2.5\objenesis-2.5.jar;C:\Users\ryanl\.m2\repository\com\amazonaws\aws-java-sdk-s3\1.11.433\aws-java-sdk-s3-1.11.433.jar;C:\Users\ryanl\.m2\repository\com\amazonaws\aws-java-sdk-kms\1.11.433\aws-java-sdk-kms-1.11.433.jar;C:\Users\ryanl\.m2\repository\com\amazonaws\aws-java-sdk-core\1.11.433\aws-java-sdk-core-1.11.433.jar;C:\Users\ryanl\.m2\repository\commons-logging\commons-logging\1.1.3\commons-logging-1.1.3.jar;C:\Users\ryanl\.m2\repository\org\apache\httpcomponents\httpclient\4.5.5\httpclient-4.5.5.jar;C:\Users\ryanl\.m2\repository\org\apache\httpcomponents\httpcore\4.4.9\httpcore-4.4.9.jar;C:\Users\ryanl\.m2\repository\commons-codec\commons-codec\1.10\commons-codec-1.10.jar;C:\Users\ryanl\.m2\repository\software\amazon\ion\ion-java\1.0.2\ion-java-1.0.2.jar;C:\Users\ryanl\.m2\repository\com\fasterxml\jackson\core\jackson-databind\2.6.7.1\jackson-databind-2.6.7.1.jar;C:\Users\ryanl\.m2\repository\com\fasterxml\jackson\core\jackson-annotations\2.6.0\jackson-annotations-2.6.0.jar;C:\Users\ryanl\.m2\repository\com\fasterxml\jackson\core\jackson-core\2.6.7\jackson-core-2.6.7.jar;C:\Users\ryanl\.m2\repository\com\fasterxml\jackson\dataformat\jackson-dataformat-cbor\2.6.7\jackson-dataformat-cbor-2.6.7.jar;C:\Users\ryanl\.m2\repository\joda-time\joda-time\2.8.1\joda-time-2.8.1.jar;C:\Users\ryanl\.m2\repository\com\amazonaws\jmespath-java\1.11.433\jmespath-java-1.11.433.jar;C:\Users\ryanl\.m2\repository\com\amazonaws\aws-lambda-java-events\1.3.0\aws-lambda-java-events-1.3.0.jar;C:\Users\ryanl\.m2\repository\com\amazonaws\aws-java-sdk-sns\1.11.433\aws-java-sdk-sns-1.11.433.jar;C:\Users\ryanl\.m2\repository\com\amazonaws\aws-java-sdk-sqs\1.11.433\aws-java-sdk-sqs-1.11.433.jar;C:\Users\ryanl\.m2\repository\com\amazonaws\aws-java-sdk-cognitoidentity\1.11.433\aws-java-sdk-cognitoidentity-1.11.433.jar;C:\Users\ryanl\.m2\repository\com\amazonaws\aws-java-sdk-kinesis\1.11.433\aws-java-sdk-kinesis-1.11.433.jar;C:\Users\ryanl\.m2\repository\com\amazonaws\aws-java-sdk-dynamodb\1.11.433\aws-java-sdk-dynamodb-1.11.433.jar;C:\Users\ryanl\.m2\repository\com\amazonaws\aws-lambda-java-core\1.1.0\aws-lambda-java-core-1.1.0.jar;"/>
    <property name="java.vm.vendor" value="Oracle Corporation"/>
    <property name="sun.arch.data.model" value="64"/>
    <property name="user.variant" value=""/>
    <property name="java.vendor.url" value="http://java.oracle.com/"/>
    <property name="user.timezone" value="America/New_York"/>
    <property name="java.vm.specification.version" value="1.8"/>
    <property name="os.name" value="Windows 10"/>
    <property name="user.country" value="US"/>
    <property name="sun.java.launcher" value="SUN_STANDARD"/>
    <property name="sun.boot.library.path" value="C:\Program Files\Java\jdk1.8.0_131\jre\bin"/>
    <property name="sun.java.command" value="C:\Users\ryanl\AppData\Local\Temp\surefire3216967658670694466\surefirebooter6473721196277933542.jar C:\Users\ryanl\AppData\Local\Temp\surefire3216967658670694466 2018-11-26T13-39-28_004-jvmRun1 surefire1249347350009583425tmp surefire_09045529397103790048tmp"/>
    <property name="surefire.test.class.path" value="C:\Users\ryanl\OneDrive\Documents\GitHub\stocker-cloud\aws-service\StockerCloud\target\test-classes;C:\Users\ryanl\OneDrive\Documents\GitHub\stocker-cloud\aws-service\StockerCloud\target\classes;C:\Users\ryanl\.m2\repository\junit\junit\4.12\junit-4.12.jar;C:\Users\ryanl\.m2\repository\org\hamcrest\hamcrest-core\1.3\hamcrest-core-1.3.jar;C:\Users\ryanl\.m2\repository\org\mockito\mockito-core\2.7.22\mockito-core-2.7.22.jar;C:\Users\ryanl\.m2\repository\net\bytebuddy\byte-buddy\1.6.11\byte-buddy-1.6.11.jar;C:\Users\ryanl\.m2\repository\net\bytebuddy\byte-buddy-agent\1.6.11\byte-buddy-agent-1.6.11.jar;C:\Users\ryanl\.m2\repository\org\objenesis\objenesis\2.5\objenesis-2.5.jar;C:\Users\ryanl\.m2\repository\com\amazonaws\aws-java-sdk-s3\1.11.433\aws-java-sdk-s3-1.11.433.jar;C:\Users\ryanl\.m2\repository\com\amazonaws\aws-java-sdk-kms\1.11.433\aws-java-sdk-kms-1.11.433.jar;C:\Users\ryanl\.m2\repository\com\amazonaws\aws-java-sdk-core\1.11.433\aws-java-sdk-core-1.11.433.jar;C:\Users\ryanl\.m2\repository\commons-logging\commons-logging\1.1.3\commons-logging-1.1.3.jar;C:\Users\ryanl\.m2\repository\org\apache\httpcomponents\httpclient\4.5.5\httpclient-4.5.5.jar;C:\Users\ryanl\.m2\repository\org\apache\httpcomponents\httpcore\4.4.9\httpcore-4.4.9.jar;C:\Users\ryanl\.m2\repository\commons-codec\commons-codec\1.10\commons-codec-1.10.jar;C:\Users\ryanl\.m2\repository\software\amazon\ion\ion-java\1.0.2\ion-java-1.0.2.jar;C:\Users\ryanl\.m2\repository\com\fasterxml\jackson\core\jackson-databind\2.6.7.1\jackson-databind-2.6.7.1.jar;C:\Users\ryanl\.m2\repository\com\fasterxml\jackson\core\jackson-annotations\2.6.0\jackson-annotations-2.6.0.jar;C:\Users\ryanl\.m2\repository\com\fasterxml\jackson\core\jackson-core\2.6.7\jackson-core-2.6.7.jar;C:\Users\ryanl\.m2\repository\com\fasterxml\jackson\dataformat\jackson-dataformat-cbor\2.6.7\jackson-dataformat-cbor-2.6.7.jar;C:\Users\ryanl\.m2\repository\joda-time\joda-time\2.8.1\joda-time-2.8.1.jar;C:\Users\ryanl\.m2\repository\com\amazonaws\jmespath-java\1.11.433\jmespath-java-1.11.433.jar;C:\Users\ryanl\.m2\repository\com\amazonaws\aws-lambda-java-events\1.3.0\aws-lambda-java-events-1.3.0.jar;C:\Users\ryanl\.m2\repository\com\amazonaws\aws-java-sdk-sns\1.11.433\aws-java-sdk-sns-1.11.433.jar;C:\Users\ryanl\.m2\repository\com\amazonaws\aws-java-sdk-sqs\1.11.433\aws-java-sdk-sqs-1.11.433.jar;C:\Users\ryanl\.m2\repository\com\amazonaws\aws-java-sdk-cognitoidentity\1.11.433\aws-java-sdk-cognitoidentity-1.11.433.jar;C:\Users\ryanl\.m2\repository\com\amazonaws\aws-java-sdk-kinesis\1.11.433\aws-java-sdk-kinesis-1.11.433.jar;C:\Users\ryanl\.m2\repository\com\amazonaws\aws-java-sdk-dynamodb\1.11.433\aws-java-sdk-dynamodb-1.11.433.jar;C:\Users\ryanl\.m2\repository\com\amazonaws\aws-lambda-java-core\1.1.0\aws-lambda-java-core-1.1.0.jar;"/>
    <property name="sun.cpu.endian" value="little"/>
    <property name="user.home" value="C:\Users\ryanl"/>
    <property name="user.language" value="en"/>
    <property name="java.specification.vendor" value="Oracle Corporation"/>
    <property name="java.home" value="C:\Program Files\Java\jdk1.8.0_131\jre"/>
    <property name="basedir" value="C:\Users\ryanl\OneDrive\Documents\GitHub\stocker-cloud\aws-service\StockerCloud"/>
    <property name="file.separator" value="\"/>
    <property name="line.separator" value="&#10;"/>
    <property name="java.vm.specification.vendor" value="Oracle Corporation"/>
    <property name="java.specification.name" value="Java Platform API Specification"/>
    <property name="java.awt.graphicsenv" value="sun.awt.Win32GraphicsEnvironment"/>
    <property name="surefire.real.class.path" value="C:\Users\ryanl\AppData\Local\Temp\surefire3216967658670694466\surefirebooter6473721196277933542.jar;C:\\Users\\ryanl\\.m2\\repository\\org\\jacoco\\org.jacoco.agent\\0.7.5.201505241946\\org.jacoco.agent-0.7.5.201505241946-runtime.jar"/>
    <property name="sun.boot.class.path" value="C:\Program Files\Java\jdk1.8.0_131\jre\lib\resources.jar;C:\Program Files\Java\jdk1.8.0_131\jre\lib\rt.jar;C:\Program Files\Java\jdk1.8.0_131\jre\lib\sunrsasign.jar;C:\Program Files\Java\jdk1.8.0_131\jre\lib\jsse.jar;C:\Program Files\Java\jdk1.8.0_131\jre\lib\jce.jar;C:\Program Files\Java\jdk1.8.0_131\jre\lib\charsets.jar;C:\Program Files\Java\jdk1.8.0_131\jre\lib\jfr.jar;C:\Program Files\Java\jdk1.8.0_131\jre\classes"/>
    <property name="user.script" value=""/>
    <property name="sun.management.compiler" value="HotSpot 64-Bit Tiered Compilers"/>
    <property name="java.runtime.version" value="1.8.0_131-b11"/>
    <property name="user.name" value="ryanl"/>
    <property name="path.separator" value=";"/>
    <property name="os.version" value="10.0"/>
    <property name="java.endorsed.dirs" value="C:\Program Files\Java\jdk1.8.0_131\jre\lib\endorsed"/>
    <property name="java.runtime.name" value="Java(TM) SE Runtime Environment"/>
    <property name="file.encoding" value="Cp1252"/>
    <property name="java.vm.name" value="Java HotSpot(TM) 64-Bit Server VM"/>
    <property name="localRepository" value="C:\Users\ryanl\.m2\repository"/>
    <property name="java.vendor.url.bug" value="http://bugreport.sun.com/bugreport/"/>
    <property name="java.io.tmpdir" value="C:\Users\ryanl\AppData\Local\Temp\"/>
    <property name="java.version" value="1.8.0_131"/>
    <property name="user.dir" value="C:\Users\ryanl\OneDrive\Documents\GitHub\stocker-cloud\aws-service\StockerCloud"/>
    <property name="os.arch" value="amd64"/>
    <property name="java.vm.specification.name" value="Java Virtual Machine Specification"/>
    <property name="java.awt.printerjob" value="sun.awt.windows.WPrinterJob"/>
    <property name="sun.os.patch.level" value=""/>
    <property name="java.library.path" value="C:\Program Files\Java\jdk1.8.0_131\jre\bin;C:\WINDOWS\Sun\Java\bin;C:\WINDOWS\system32;C:\WINDOWS;C:/Program Files/Java/jre1.8.0_171/bin/server;C:/Program Files/Java/jre1.8.0_171/bin;C:/Program Files/Java/jre1.8.0_171/lib/amd64;C:\Program Files (x86)\Common Files\Oracle\Java\javapath;C:\ProgramData\Oracle\Java\javapath;C:\WINDOWS\system32;C:\WINDOWS;C:\WINDOWS\System32\Wbem;C:\WINDOWS\System32\WindowsPowerShell\v1.0\;C:\Program Files (x86)\Windows Kits\8.1\Windows Performance Toolkit\;C:\Users\ryanl\.dnx\bin;C:\Program Files\Microsoft DNX\Dnvm\;C:\Program Files\apache-maven-3.6.0-bin\apache-maven-3.6.0\bin;C:\Program Files\Git\cmd;C:\Program Files (x86)\NVIDIA Corporation\PhysX\Common;C:\Ryan\school\2017 fall\eecs281\Active-HDL\bin;C:\WINDOWS\system32;C:\WINDOWS;C:\WINDOWS\System32\Wbem;C:\WINDOWS\System32\WindowsPowerShell\v1.0\;C:\Program Files\PuTTY\;C:\WINDOWS\System32\OpenSSH\;C:\Users\ryanl\AppData\Local\Microsoft\WindowsApps;C:\Users\ryanl\AppData\Local\GitHubDesktop\bin;%USERPROFILE%\AppData\Local\Microsoft\WindowsApps;;C:\Program Files\eclipse\java-2018-09\eclipse;;."/>
    <property name="java.vm.info" value="mixed mode"/>
    <property name="java.vendor" value="Oracle Corporation"/>
    <property name="java.vm.version" value="25.131-b11"/>
    <property name="java.ext.dirs" value="C:\Program Files\Java\jdk1.8.0_131\jre\lib\ext;C:\WINDOWS\Sun\Java\lib\ext"/>
    <property name="sun.io.unicode.encoding" value="UnicodeLittle"/>
    <property name="java.class.version" value="52.0"/>
  </properties>
  <testcase name="testWithItem" classname="com.stockercloud.aws.item.updateitems.UpdateItemsHandlerTest" time="0.002"/>
</testsuite>